[18:21:54] [main/INFO]: Loading Minecraft 1.20.1 with Fabric Loader 0.16.3
[18:21:54] [main/INFO]: Loading 4 mods:
	- fabricloader 0.16.3
	   \-- mixinextras 0.4.1
	- java 17
	- minecraft 1.20.1
[18:21:54] [main/INFO]: SpongePowered MIXIN Subsystem Version=0.8.7 Source=file:/workspaces/mineservermods2/servidor_minecraft/libraries/net/fabricmc/sponge-mixin/0.15.2+mixin.0.8.7/sponge-mixin-0.15.2+mixin.0.8.7.jar Service=Knot/Fabric Env=SERVER
[18:22:01] [main/INFO]: Environment: authHost='https://authserver.mojang.com', accountsHost='https://api.mojang.com', sessionHost='https://sessionserver.mojang.com', servicesHost='https://api.minecraftservices.com', name='PROD'
[18:22:02] [main/INFO]: Loaded 7 recipes
[18:22:02] [main/INFO]: Loaded 1271 advancements
[18:22:03] [Server thread/INFO]: Starting minecraft server version 1.20.1
[18:22:03] [Server thread/INFO]: Loading properties
[18:22:03] [Server thread/INFO]: Default game type: SURVIVAL
[18:22:03] [Server thread/INFO]: Generating keypair
[18:22:04] [Server thread/INFO]: Starting Minecraft server on *:25565
[18:22:04] [Server thread/INFO]: Using epoll channel type
[18:22:04] [Server thread/WARN]: **** SERVER IS RUNNING IN OFFLINE/INSECURE MODE!
[18:22:04] [Server thread/WARN]: The server will make no attempt to authenticate usernames. Beware.
[18:22:04] [Server thread/WARN]: While this makes the game possible to play without internet access, it also opens up the ability for hackers to connect with any username they choose.
[18:22:04] [Server thread/WARN]: To change this, set "online-mode" to "true" in the server.properties file.
[18:22:04] [Server thread/INFO]: Preparing level "world"
[18:22:11] [Server thread/INFO]: Preparing start region for dimension minecraft:overworld
[18:22:12] [Worker-Main-3/INFO]: Preparing spawn area: 0%
[18:22:12] [Worker-Main-1/INFO]: Preparing spawn area: 0%
[18:22:12] [Worker-Main-2/INFO]: Preparing spawn area: 0%
[18:22:12] [Worker-Main-2/INFO]: Preparing spawn area: 0%
[18:22:13] [Worker-Main-1/INFO]: Preparing spawn area: 0%
[18:22:13] [Worker-Main-1/INFO]: Preparing spawn area: 0%
[18:22:14] [Worker-Main-3/INFO]: Preparing spawn area: 0%
[18:22:14] [Worker-Main-2/INFO]: Preparing spawn area: 1%
[18:22:15] [Worker-Main-2/INFO]: Preparing spawn area: 1%
[18:22:15] [Worker-Main-3/INFO]: Preparing spawn area: 2%
[18:22:16] [Worker-Main-3/INFO]: Preparing spawn area: 3%
[18:22:16] [Worker-Main-3/INFO]: Preparing spawn area: 4%
[18:22:17] [Worker-Main-2/INFO]: Preparing spawn area: 5%
[18:22:17] [Worker-Main-1/INFO]: Preparing spawn area: 6%
[18:22:18] [Worker-Main-2/INFO]: Preparing spawn area: 8%
[18:22:18] [Worker-Main-3/INFO]: Preparing spawn area: 9%
[18:22:19] [Worker-Main-3/INFO]: Preparing spawn area: 9%
[18:22:19] [Worker-Main-1/INFO]: Preparing spawn area: 11%
[18:22:20] [Worker-Main-2/INFO]: Preparing spawn area: 13%
[18:22:20] [Worker-Main-2/INFO]: Preparing spawn area: 15%
[18:22:21] [Worker-Main-1/INFO]: Preparing spawn area: 16%
[18:22:21] [Worker-Main-3/INFO]: Preparing spawn area: 17%
[18:22:22] [Worker-Main-3/INFO]: Preparing spawn area: 20%
[18:22:22] [Worker-Main-3/INFO]: Preparing spawn area: 22%
[18:22:23] [Worker-Main-2/INFO]: Preparing spawn area: 23%
[18:22:23] [Worker-Main-1/INFO]: Preparing spawn area: 25%
[18:22:24] [Worker-Main-3/INFO]: Preparing spawn area: 27%
[18:22:24] [Worker-Main-3/INFO]: Preparing spawn area: 29%
[18:22:25] [Worker-Main-1/INFO]: Preparing spawn area: 31%
[18:22:25] [Worker-Main-3/INFO]: Preparing spawn area: 33%
[18:22:26] [Worker-Main-3/INFO]: Preparing spawn area: 36%
[18:22:26] [Worker-Main-3/INFO]: Preparing spawn area: 39%
[18:22:27] [Worker-Main-3/INFO]: Preparing spawn area: 41%
[18:22:27] [Worker-Main-1/INFO]: Preparing spawn area: 43%
[18:22:28] [Worker-Main-3/INFO]: Preparing spawn area: 45%
[18:22:28] [Worker-Main-3/INFO]: Preparing spawn area: 48%
[18:22:29] [Worker-Main-1/INFO]: Preparing spawn area: 51%
[18:22:29] [Worker-Main-3/INFO]: Preparing spawn area: 52%
[18:22:30] [Worker-Main-3/INFO]: Preparing spawn area: 55%
[18:22:30] [Worker-Main-1/INFO]: Preparing spawn area: 57%
[18:22:31] [Worker-Main-2/INFO]: Preparing spawn area: 60%
[18:22:31] [Worker-Main-2/INFO]: Preparing spawn area: 63%
[18:22:32] [Worker-Main-2/INFO]: Preparing spawn area: 65%
[18:22:32] [Worker-Main-1/INFO]: Preparing spawn area: 68%
[18:22:33] [Worker-Main-3/INFO]: Preparing spawn area: 70%
[18:22:33] [Worker-Main-3/INFO]: Preparing spawn area: 72%
[18:22:34] [Worker-Main-2/INFO]: Preparing spawn area: 75%
[18:22:34] [Worker-Main-1/INFO]: Preparing spawn area: 78%
[18:22:35] [Worker-Main-1/INFO]: Preparing spawn area: 81%
[18:22:35] [Worker-Main-1/INFO]: Preparing spawn area: 83%
[18:22:36] [Worker-Main-2/INFO]: Preparing spawn area: 85%
[18:22:36] [Worker-Main-1/INFO]: Preparing spawn area: 87%
[18:22:37] [Worker-Main-3/INFO]: Preparing spawn area: 89%
[18:22:37] [Worker-Main-3/INFO]: Preparing spawn area: 92%
[18:22:38] [Worker-Main-3/INFO]: Preparing spawn area: 95%
[18:22:38] [Worker-Main-3/INFO]: Preparing spawn area: 98%
[18:22:39] [Server thread/INFO]: Time elapsed: 27724 ms
[18:22:39] [Server thread/INFO]: Done (34.666s)! For help, type "help"
[18:26:25] [Server thread/INFO]: sasuke_edits123[/100.108.5.9:8232] logged in with entity id 210 at (8.5, 105.0, -6.5)
[18:26:25] [Server thread/INFO]: sasuke_edits123 joined the game
[18:39:10] [Server thread/INFO]: sasuke_edits123 lost connection: Disconnected
[18:39:10] [Server thread/INFO]: sasuke_edits123 left the game
